<?xml version="1.0" encoding="UTF-8"?>
<!-- Generated by org.testng.reporters.JUnitReportReporter -->
<testsuite skipped="0" hostname="DESKTOP-TRGJQM5" name="com.codebind.AppTest" tests="1" failures="0" timestamp="26 Jan 2020 14:16:58 GMT" time="0.025" errors="0">
  <testcase name="TestNGMaventest" time="0.025" classname="com.codebind.AppTest"/>
</testsuite> <!-- com.codebind.AppTest -->
